{"uid":"4b4757e66a1912dae1a509f688f20b0f","name":"categories","children":[{"name":"Product defects","children":[{"name":"assert False\n +  where False = isinstance(<snappi_ixnetwork.ixnetworkconfig.IxNetworkConfig object at 0x7f235ffefb20>, dict)","children":[{"name":"test_ixnet_specific_config_property","uid":"ca774d31392553b3","parentUid":"1d51443f4f096d51e0186e0ad65deaa2","status":"failed","time":{"start":1769672517079,"stop":1769672517080,"duration":1},"flaky":false,"newFailed":false,"newPassed":false,"newBroken":false,"retriesCount":0,"retriesStatusChange":false,"parameters":[],"tags":[]}],"uid":"1d51443f4f096d51e0186e0ad65deaa2"},{"name":"AssertionError: assert 'warning' == 'none'\n  \n  - none\n  + warning","children":[{"name":"test_get_restpy_trace_warning","uid":"8bcb170c569418d2","parentUid":"5ab7f25fcda9b8b72b45c819df0a34a4","status":"failed","time":{"start":1769672517079,"stop":1769672517080,"duration":1},"flaky":false,"newFailed":false,"newPassed":false,"newBroken":false,"retriesCount":0,"retriesStatusChange":false,"parameters":[],"tags":[]}],"uid":"5ab7f25fcda9b8b72b45c819df0a34a4"},{"name":"snappi_ixnetwork.exceptions.SnappiIxnException:   File \"/home/github-runner/actions-runner/_work/snappi-ixnetwork/snappi-ixnetwork/snappi_ixnetwork/snappi_api.py\", line 287, in set_config\n    self.config_ixnetwork(config)\n  File \"/home/github-runner/actions-runner/_work/snappi-ixnetwork/snappi-ixnetwork/snappi_ixnetwork/snappi_api.py\", line 378, in config_ixnetwork\n    self.ngpf.config()\n  File \"/home/github-runner/actions-runner/_work/snappi-ixnetwork/snappi-ixnetwork/snappi_ixnetwork/device/ngpf.py\", line 76, in config\n    self._configure_topology()\n  File \"/home/github-runner/actions-runner/_work/snappi-ixnetwork/snappi-ixnetwork/snappi_ixnetwork/device/ngpf.py\", line 161, in _configure_topology\n    self.compactor.compact(self._ixn_config.get(\"topology\"), True)\n  File \"/home/github-runner/actions-runner/_work/snappi-ixnetwork/snappi-ixnetwork/snappi_ixnetwork/device/compactor.py\", line 29, in compact\n    similar_objs.compact(roots, isTopoComp)\n  File \"/home/github-runner/actions-runner/_work/snappi-ixnetwork/snappi-ixnetwork/snappi_ixnetwork/device/compactor.py\", line 116, in compact\n    self._value_compactor(self._primary_obj, object, isTopoComp)\n  File \"/home/github-runner/actions-runner/_work/snappi-ixnetwork/snappi-ixnetwork/snappi_ixnetwork/device/compactor.py\", line 148, in _value_compactor\n    self._value_compactor(src_value[index], dst_dict, isTopoComp)\n  File \"/home/github-runner/actions-runner/_work/snappi-ixnetwork/snappi-ixnetwork/snappi_ixnetwork/device/compactor.py\", line 148, in _value_compactor\n    self._value_compactor(src_value[index], dst_dict, isTopoComp)\n  File \"/home/github-runner/actions-runner/_work/snappi-ixnetwork/snappi-ixnetwork/snappi_ixnetwork/device/compactor.py\", line 148, in _value_compactor\n    self._value_compactor(src_value[index], dst_dict, isTopoComp)\n  File \"/home/github-runner/actions-runner/_work/snappi-ixnetwork/snappi-ixnetwork/snappi_ixnetwork/device/compactor.py\", line 153, in _value_compactor\n    dst_value = dst_value.value\n 'NoneType' object has no attribute 'value'","children":[{"name":"test_manual_gateway_mac","uid":"6fa20b624717793a","parentUid":"31962f605fc2690e707fa6ec582093cf","status":"failed","time":{"start":1769672517079,"stop":1769672532037,"duration":14958},"flaky":false,"newFailed":false,"newPassed":false,"newBroken":false,"retriesCount":0,"retriesStatusChange":false,"parameters":[],"tags":[]}],"uid":"31962f605fc2690e707fa6ec582093cf"},{"name":"snappi_ixnetwork.exceptions.SnappiIxnException:   File \"/home/github-runner/actions-runner/_work/snappi-ixnetwork/snappi-ixnetwork/snappi_ixnetwork/snappi_api.py\", line 287, in set_config\n    self.config_ixnetwork(config)\n  File \"/home/github-runner/actions-runner/_work/snappi-ixnetwork/snappi-ixnetwork/snappi_ixnetwork/snappi_api.py\", line 379, in config_ixnetwork\n    self.traffic_item.config()\n  File \"/home/github-runner/actions-runner/_work/snappi-ixnetwork/snappi-ixnetwork/snappi_ixnetwork/trafficitem.py\", line 1004, in config\n    ixn_traffic_item = self.get_ixn_config(self._config)[0]\n  File \"/home/github-runner/actions-runner/_work/snappi-ixnetwork/snappi-ixnetwork/snappi_ixnetwork/trafficitem.py\", line 603, in get_ixn_config\n    self._importconfig(imports)\n  File \"/home/github-runner/actions-runner/_work/snappi-ixnetwork/snappi-ixnetwork/snappi_ixnetwork/trafficitem.py\", line 525, in _importconfig\n    raise SnappiIxnException(\n [{'xpath': '/traffic/trafficItem[1]/endpointSet[1]', 'message': 'Unable to create endpoint sets. Verify the endpoints are valid.', 'severity': 'kError', 'category': 'invalidCommit', 'property': 'noAtt'}, {'xpath': '/traffic/trafficItem[2]/endpointSet[1]', 'message': 'Unable to create endpoint sets. Verify the endpoints are valid.', 'severity': 'kError', 'category': 'invalidCommit', 'property': 'noAtt'}]","children":[{"name":"test_bidir_tagged_flows","uid":"dda4690c2a60d5b6","parentUid":"322d897210c8a1f2844f0d57cdc54463","status":"failed","time":{"start":1769672517079,"stop":1769672528485,"duration":11406},"flaky":false,"newFailed":false,"newPassed":false,"newBroken":false,"retriesCount":0,"retriesStatusChange":false,"parameters":[],"tags":[]}],"uid":"322d897210c8a1f2844f0d57cdc54463"},{"name":"snappi_ixnetwork.exceptions.SnappiIxnException:   File \"/home/github-runner/actions-runner/_work/snappi-ixnetwork/snappi-ixnetwork/snappi_ixnetwork/snappi_api.py\", line 287, in set_config\n    self.config_ixnetwork(config)\n  File \"/home/github-runner/actions-runner/_work/snappi-ixnetwork/snappi-ixnetwork/snappi_ixnetwork/snappi_api.py\", line 379, in config_ixnetwork\n    self.traffic_item.config()\n  File \"/home/github-runner/actions-runner/_work/snappi-ixnetwork/snappi-ixnetwork/snappi_ixnetwork/trafficitem.py\", line 1004, in config\n    ixn_traffic_item = self.get_ixn_config(self._config)[0]\n  File \"/home/github-runner/actions-runner/_work/snappi-ixnetwork/snappi-ixnetwork/snappi_ixnetwork/trafficitem.py\", line 603, in get_ixn_config\n    self._importconfig(imports)\n  File \"/home/github-runner/actions-runner/_work/snappi-ixnetwork/snappi-ixnetwork/snappi_ixnetwork/trafficitem.py\", line 525, in _importconfig\n    raise SnappiIxnException(\n [{'xpath': '/traffic/egressOnlyTracking[1]', 'message': 'egressV2', 'severity': 'kWarning', 'category': 'invalidJsonProperty', 'property': ''}]","children":[{"name":"test_encrypt_with_mka","uid":"17e56adb1cfa6806","parentUid":"1443adf35e98dbf9c3a7812f13860a5d","status":"failed","time":{"start":1769672517079,"stop":1769672563373,"duration":46294},"flaky":false,"newFailed":false,"newPassed":false,"newBroken":false,"retriesCount":0,"retriesStatusChange":false,"parameters":[],"tags":[]}],"uid":"1443adf35e98dbf9c3a7812f13860a5d"},{"name":"snappi_ixnetwork.exceptions.SnappiIxnException:   File \"/home/github-runner/actions-runner/_work/snappi-ixnetwork/snappi-ixnetwork/snappi_ixnetwork/snappi_api.py\", line 477, in set_control_state\n    self.traffic_item.transmit(request_payload)\n  File \"/home/github-runner/actions-runner/_work/snappi-ixnetwork/snappi-ixnetwork/snappi_ixnetwork/trafficitem.py\", line 1619, in transmit\n    self._api._traffic.Apply()\n  File \"/home/github-runner/actions-runner/_work/snappi-ixnetwork/snappi-ixnetwork/.env/lib/python3.10/site-packages/ixnetwork_restpy/testplatform/sessions/ixnetwork/traffic/traffic.py\", line 1428, in Apply\n    return self._execute(\"apply\", payload=payload, response_object=None)\n  File \"/home/github-runner/actions-runner/_work/snappi-ixnetwork/snappi-ixnetwork/.env/lib/python3.10/site-packages/ixnetwork_restpy/base.py\", line 452, in _execute\n    response = self._connection._execute(url, payload)\n  File \"/home/github-runner/actions-runner/_work/snappi-ixnetwork/snappi-ixnetwork/.env/lib/python3.10/site-packages/ixnetwork_restpy/connection.py\", line 308, in _execute\n    return self._send_recv(\"POST\", url, payload)\n  File \"/home/github-runner/actions-runner/_work/snappi-ixnetwork/snappi-ixnetwork/.env/lib/python3.10/site-packages/ixnetwork_restpy/connection.py\", line 591, in _send_recv\n    return self._poll()\n  File \"/home/github-runner/actions-runner/_work/snappi-ixnetwork/snappi-ixnetwork/.env/lib/python3.10/site-packages/ixnetwork_restpy/connection.py\", line 659, in _poll\n    return self._process_response_status_code(\n  File \"/home/github-runner/actions-runner/_work/snappi-ixnetwork/snappi-ixnetwork/.env/lib/python3.10/site-packages/ixnetwork_restpy/connection.py\", line 495, in _process_response_status_code\n    raise BadRequestError(message, response.status_code)\n  Error in L2/L3 Traffic Apply","children":[{"name":"test_vxlan_b2b_v6","uid":"ca61b2e397ae9c78","parentUid":"6fb95ef5aa5dcaac153634839b36d9c9","status":"failed","time":{"start":1769672517079,"stop":1769672644466,"duration":127387},"flaky":true,"newFailed":true,"newPassed":false,"newBroken":false,"retriesCount":0,"retriesStatusChange":false,"parameters":[],"tags":[]}],"uid":"6fb95ef5aa5dcaac153634839b36d9c9"},{"name":"assert 0 == 1\n +  where 0 = len(<snappi.snappi.Bgpv6MetricIter object at 0x7f235e271f00>)\n +    where <snappi.snappi.Bgpv6MetricIter object at 0x7f235e271f00> = <snappi.snappi.MetricsResponse object at 0x7f235eb59f80>.bgpv6_metrics","children":[{"name":"test_bgpv6_routes","uid":"19058013fd78129d","parentUid":"a098e46605221053ef627456fc5f79ac","status":"failed","time":{"start":1769672517079,"stop":1769672605349,"duration":88270},"flaky":false,"newFailed":false,"newPassed":false,"newBroken":false,"retriesCount":0,"retriesStatusChange":false,"parameters":[],"tags":[]}],"uid":"a098e46605221053ef627456fc5f79ac"},{"name":"Exception: Time out occurred while waiting for traffic to stop","children":[{"name":"test_traffic_transmit_state","uid":"3f2a1ab8adb841a","parentUid":"a07a099c91ba6b0def91331a4388877f","status":"failed","time":{"start":1769672517079,"stop":1769672591310,"duration":74231},"flaky":false,"newFailed":false,"newPassed":false,"newBroken":false,"retriesCount":0,"retriesStatusChange":false,"parameters":[],"tags":[]}],"uid":"a07a099c91ba6b0def91331a4388877f"},{"name":"TypeError: api() got an unexpected keyword argument 'username'","children":[{"name":"test_api_custom_credentials","uid":"4b55f4b191e73572","parentUid":"7593f4abf75eb4e44a47e0fae52513bc","status":"failed","time":{"start":1769672517079,"stop":1769672517080,"duration":1},"flaky":false,"newFailed":false,"newPassed":false,"newBroken":false,"retriesCount":0,"retriesStatusChange":false,"parameters":[],"tags":[]}],"uid":"7593f4abf75eb4e44a47e0fae52513bc"}],"uid":"8fb3a91ba5aaf9de24cc8a92edc82b5d"}]}